Username: fatemeh
user ID: 3
Password Hash:2120146ca3884bae6c2128cbda13b320fd19b3744b1f3e061052e56a6b1f2f85
Creation Time: 2020-03-21T14:37:12.682535200
Deleted At:









User logs:
Mar 21, 2020 2:38:33 PM LoggingModule.LoggingClass getUserLogger
INFO: Instantiated current user's logger.
Mar 21, 2020 2:38:33 PM User.UserFunctions userLogIn
INFO: Log in.
Mar 21, 2020 2:39:02 PM CLI.CLI main
INFO: Navigation: hero
Mar 21, 2020 2:39:04 PM CLI.CLI inputGeneralCommandHandling
INFO: Command: help
Mar 21, 2020 2:39:07 PM CLI.CLI main
INFO: Command: ls
Mar 21, 2020 2:39:51 PM CLI.CLI main
INFO: Command chHero Warlock
Successful.
Mar 21, 2020 2:39:58 PM CLI.CLI inputGeneralCommandHandling
INFO: Command: exit
Mar 21, 2020 2:39:58 PM User.UserFunctions userLogOut
INFO: Log out.
