Username: Fatemeh
user ID: 2
Password Hash:2120146ca3884bae6c2128cbda13b320fd19b3744b1f3e061052e56a6b1f2f85
Creation Time: 2020-03-21T13:45:19.470783400
Deleted At:









User logs:
Mar 21, 2020 1:57:28 PM LoggingModule.LoggingClass getUserLogger
INFO: Instantiated current user's logger.
Mar 21, 2020 1:57:28 PM User.UserFunctions userLogIn
INFO: Log in.
Mar 21, 2020 1:57:36 PM CLI.CLI main
INFO: Navigation: collection
Mar 21, 2020 1:57:41 PM CLI.CLI main
INFO: Command: listDeck
Mar 21, 2020 1:57:52 PM CLI.CLI main
INFO: Command: remove Raid Leader
Successful. Don't forget to add a card.
Mar 21, 2020 1:57:57 PM CLI.CLI main
INFO: Command: listDeck
Mar 21, 2020 1:58:02 PM CLI.CLI main
INFO: Command: listAddable
Mar 21, 2020 1:58:09 PM CLI.CLI main
INFO: Command: add Raid Leader
Successful.
