Mar 21, 2020 6:39:51 PM CLI.CLI main
INFO: Should the card objects be instantiated? Enter y if this is a first run or if the cards have changed. Else, enter n:
Mar 21, 2020 6:39:55 PM CLI.CLI main
INFO: Game Entry:
Mar 21, 2020 6:39:56 PM CLI.CLI main
INFO: Enter your credentials
Mar 21, 2020 6:40:00 PM User.PasswordUsername PasswordValidityCheck
INFO: Checking password validity
Mar 21, 2020 6:40:00 PM User.PasswordUsername PasswordValidityCheck
INFO: Incorrect password entered for user Taha
Mar 21, 2020 6:40:00 PM User.UserFunctions userLogIn
INFO: Password incorrect.
Mar 21, 2020 6:40:00 PM CLI.CLI main
INFO: Enter your credentials
Mar 21, 2020 6:40:33 PM User.PasswordUsername PasswordValidityCheck
INFO: Checking password validity
Mar 21, 2020 6:40:33 PM CLI.CLI main
INFO: User log in successful. Welcome
Mar 21, 2020 6:40:33 PM CLI.CLI main
INFO: User panel:
Mar 21, 2020 6:40:37 PM CLI.CLI main
INFO: Hero:
Mar 21, 2020 6:40:40 PM CLI.CLI main
INFO: Hero:
Mar 21, 2020 6:40:44 PM CLI.CLI main
INFO: User panel:
Mar 21, 2020 6:40:48 PM CLI.CLI main
INFO: Collection:
Mar 21, 2020 6:41:00 PM CLI.CLI main
INFO: Collection:
Mar 21, 2020 6:41:24 PM CLI.CLI main
INFO: Collection:
Mar 21, 2020 6:41:32 PM CLI.CLI main
INFO: Collection:
Mar 21, 2020 6:41:35 PM CLI.CLI main
INFO: Collection:
Mar 21, 2020 6:42:10 PM CLI.CLI inputGeneralCommandHandling
INFO: Deck cards OK.
Mar 21, 2020 6:42:10 PM CLI.CLI main
INFO: User panel:
Mar 21, 2020 6:42:12 PM CLI.CLI main
INFO: Store:
Mar 21, 2020 6:42:13 PM CLI.CLI main
INFO: Store:
Mar 21, 2020 6:42:22 PM CLI.CLI main
INFO: Store:
Mar 21, 2020 6:43:07 PM CLI.CLI main
INFO: User panel:
Mar 21, 2020 6:43:09 PM CLI.CLI main
INFO: Hero:
Mar 21, 2020 6:43:17 PM CLI.CLI main
INFO: Hero:
Mar 21, 2020 6:43:29 PM User.User changeHero
INFO: Successfully changed hero to Warlock
Mar 21, 2020 6:43:29 PM Utility.SerializationFunctions Serialize
INFO: Object has been serialized
Mar 21, 2020 6:43:29 PM CLI.CLI main
INFO: Hero:
Mar 21, 2020 6:43:32 PM CLI.CLI main
INFO: Hero:
Mar 21, 2020 6:43:34 PM CLI.CLI main
INFO: Hero:
Mar 21, 2020 6:43:36 PM CLI.CLI main
INFO: User panel:
Mar 21, 2020 6:43:46 PM CLI.CLI main
INFO: Collection:
Mar 21, 2020 6:43:48 PM CLI.CLI main
INFO: Collection:
Mar 21, 2020 6:43:56 PM CLI.CLI inputGeneralCommandHandling
INFO: Deck cards OK.
Mar 21, 2020 6:43:56 PM CLI.CLI main
INFO: User panel:
Mar 21, 2020 6:43:58 PM CLI.CLI main
INFO: Hero:
Mar 21, 2020 6:44:01 PM User.User changeHero
INFO: Successfully changed hero to Mage
Mar 21, 2020 6:44:01 PM Utility.SerializationFunctions Serialize
INFO: Object has been serialized
Mar 21, 2020 6:44:01 PM CLI.CLI main
INFO: Hero:
Mar 21, 2020 6:44:12 PM CLI.CLI main
INFO: User panel:
Mar 21, 2020 6:44:16 PM CLI.CLI main
INFO: Collection:
Mar 21, 2020 6:44:38 PM CLI.CLI main
INFO: Collection:
Mar 21, 2020 6:45:14 PM CLI.CLI inputGeneralCommandHandling
INFO: Deck cards OK.
Mar 21, 2020 6:45:14 PM CLI.CLI main
INFO: User panel:
Mar 21, 2020 6:45:19 PM CLI.CLI main
INFO: Hero:
Mar 21, 2020 6:45:23 PM User.User changeHero
INFO: Error/Warning. The provided hero is already selected. Returning.
Mar 21, 2020 6:45:23 PM CLI.CLI main
INFO: Hero:
Mar 21, 2020 6:45:31 PM User.User changeHero
INFO: Successfully changed hero to Rogue
Mar 21, 2020 6:45:31 PM Utility.SerializationFunctions Serialize
INFO: Object has been serialized
Mar 21, 2020 6:45:31 PM CLI.CLI main
INFO: Hero:
Mar 21, 2020 6:45:35 PM CLI.CLI main
INFO: User panel:
Mar 21, 2020 6:45:38 PM CLI.CLI main
INFO: Collection:
Mar 21, 2020 6:45:40 PM CLI.CLI main
INFO: Collection:
Mar 21, 2020 7:44:53 PM CLI.CLI main
INFO: [Ljava.lang.StackTraceElement;@6cc4c815
Mar 21, 2020 7:44:53 PM CLI.CLI main
INFO: No line found
