Mar 21, 2020 1:44:57 PM User.PasswordUsername PasswordValidityCheck
INFO: Checking password validity
Mar 21, 2020 1:44:57 PM Utility.SerializationFunctions userDeserialize
INFO: User.User; local class incompatible: stream classdesc serialVersionUID = -5332706819529069878, local class serialVersionUID = -1282346460413550716
Mar 21, 2020 1:45:19 PM User.createUser assignUserID
INFO: Assigning userID 2
Mar 21, 2020 1:45:19 PM User.createUser createAUser
INFO: Creating user. Username: Fatemeh
Mar 21, 2020 1:45:19 PM User.createUser createAUser
INFO: Creating user log
Mar 21, 2020 1:45:19 PM User.createUser createAUser
INFO: Creating user class instance
Mar 21, 2020 1:45:19 PM User.createUser createAUser
INFO: User class instantiated. Serializing
Mar 21, 2020 1:45:19 PM Utility.SerializationFunctions Serialize
INFO: Object has been serialized
Mar 21, 2020 1:45:19 PM CLI.CLI main
INFO: The current Balance of the user 100
Mar 21, 2020 1:45:19 PM CLI.CLI main
INFO: Your current hero: Mage with hero level: 1
Mar 21, 2020 1:45:19 PM CLI.CLI main
INFO: The cards in your heroes deck:
{
  "Holy Fire": 2,
  "Novice Engineer": 2,
  "Regenerate": 2,
  "Polymorph": 2,
  "Lord of the Arena": 2,
  "Arcane Missiles": 2,
  "Shieldbearer": 2,
  "Goldshire Footman": 2,
  "Stonetusk Boar": 2,
  "Raid Leader": 2
}
Mar 21, 2020 1:45:49 PM Hero.Hero removeFromDeck
INFO: Removed 1 instance of the card from the deck. 1 remaining.
Mar 21, 2020 1:57:07 PM CLI.CLI main
INFO: Exiting
