Mar 21, 2020 10:58:47 AM User.createUser createAUser
INFO: Assigning userID 0
Mar 21, 2020 10:58:47 AM User.createUser createAUser
INFO: Creating user. Username: taha
Mar 21, 2020 10:58:47 AM User.createUser createAUser
INFO: Creating user log
Mar 21, 2020 10:58:47 AM User.createUser createAUser
INFO: Creating user class instance
Mar 21, 2020 10:58:47 AM User.createUser createAUser
INFO: User class instantiated. Serializing
Mar 21, 2020 10:58:47 AM Utility.SerializationFunctions Serialize
INFO: Object has been serialized
Mar 21, 2020 10:58:48 AM CLI.CLI main
INFO: The current Balance of the user 100
Mar 21, 2020 10:58:48 AM CLI.CLI main
INFO: Your current hero: Mage with hero level: 1
Mar 21, 2020 10:58:48 AM CLI.CLI main
INFO: The cards in your heroes deck:
{
  "Holy Fire": 2,
  "Novice Engineer": 2,
  "Regenerate": 2,
  "Polymorph": 2,
  "Lord of the Arena": 2,
  "Arcane Missiles": 2,
  "Shieldbearer": 2,
  "Goldshire Footman": 2,
  "Stonetusk Boar": 2,
  "Raid Leader": 2
}
Mar 21, 2020 11:00:06 AM CLI.CLI main
INFO: Exiting
