Mar 21, 2020 6:34:10 PM CLI.CLI main
INFO: Should the card objects be instantiated? Enter y if this is a first run or if the cards have changed. Else, enter n:
Mar 21, 2020 6:34:13 PM CLI.CLI main
INFO: Game Entry:
Mar 21, 2020 6:34:15 PM CLI.CLI main
INFO: Enter your credentials
Mar 21, 2020 6:34:18 PM CLI.CLI main
INFO: Game Entry:
Mar 21, 2020 6:34:20 PM CLI.CLI main
INFO: Create user:
Mar 21, 2020 6:34:28 PM User.createUser assignUserID
INFO: Assigning userID 1
Mar 21, 2020 6:34:28 PM User.createUser createAUser
INFO: Creating user. Username: Taha
Mar 21, 2020 6:34:28 PM User.createUser createAUser
INFO: Creating user log
Mar 21, 2020 6:34:28 PM User.createUser createAUser
INFO: Creating user class instance
Mar 21, 2020 6:34:28 PM User.createUser createAUser
INFO: User class instantiated. Serializing
Mar 21, 2020 6:34:28 PM Utility.SerializationFunctions Serialize
INFO: Object has been serialized
Mar 21, 2020 6:34:28 PM CLI.CLI main
INFO: The current Balance of the user 100
Mar 21, 2020 6:34:28 PM CLI.CLI main
INFO: Your current hero: Mage with hero level: 1
Mar 21, 2020 6:34:28 PM CLI.CLI main
INFO: The cards in your heroes deck:
{
  "Holy Fire": 2,
  "Novice Engineer": 2,
  "Regenerate": 2,
  "Polymorph": 2,
  "Lord of the Arena": 2,
  "Arcane Missiles": 2,
  "Shieldbearer": 2,
  "Goldshire Footman": 2,
  "Stonetusk Boar": 2,
  "Raid Leader": 2
}
Mar 21, 2020 6:34:30 PM CLI.CLI main
INFO: User panel:
Mar 21, 2020 6:34:39 PM CLI.CLI main
INFO: User panel:
Mar 21, 2020 6:34:44 PM CLI.CLI main
INFO: Collection:
Mar 21, 2020 6:35:12 PM CLI.CLI main
INFO: Collection:
Mar 21, 2020 6:35:25 PM CLI.CLI inputGeneralCommandHandling
INFO: Deck cards OK.
Mar 21, 2020 6:35:25 PM CLI.CLI main
INFO: User panel:
Mar 21, 2020 6:35:34 PM CLI.CLI main
INFO: Hero:
Mar 21, 2020 6:35:38 PM CLI.CLI main
INFO: Hero:
Mar 21, 2020 6:35:45 PM User.User changeHero
INFO: Error/Warning. The provided hero is already selected. Returning.
Mar 21, 2020 6:35:45 PM CLI.CLI main
INFO: Hero:
Mar 21, 2020 6:35:59 PM User.User changeHero
INFO: Successfully changed hero to Rogue
Mar 21, 2020 6:35:59 PM Utility.SerializationFunctions Serialize
INFO: Object has been serialized
Mar 21, 2020 6:35:59 PM CLI.CLI main
INFO: Hero:
Mar 21, 2020 6:36:02 PM CLI.CLI main
INFO: Hero:
Mar 21, 2020 6:36:05 PM CLI.CLI main
INFO: User panel:
Mar 21, 2020 6:36:08 PM CLI.CLI main
INFO: Collection:
Mar 21, 2020 6:36:11 PM CLI.CLI main
INFO: Collection:
Mar 21, 2020 6:36:33 PM CLI.CLI inputGeneralCommandHandling
INFO: Deck cards OK.
Mar 21, 2020 6:36:33 PM Utility.SerializationFunctions Serialize
INFO: Object has been serialized
Mar 21, 2020 6:36:33 PM CLI.CLI main
INFO: null
Mar 21, 2020 6:36:33 PM CLI.CLI main
INFO: Exiting
