Mar 21, 2020 6:15:22 PM CLI.CLI main
INFO: Should the card objects be instantiated? Enter y if this is a first run or if the cards have changed. Else, enter n:
Mar 21, 2020 6:15:27 PM CLI.CLI main
INFO: Game Entry:
Mar 21, 2020 6:15:28 PM CLI.CLI main
INFO: Enter your credentials
Mar 21, 2020 6:15:33 PM User.PasswordUsername PasswordValidityCheck
INFO: Checking password validity
Mar 21, 2020 6:15:33 PM CLI.CLI main
INFO: User log in successful. Welcome
Mar 21, 2020 6:15:33 PM CLI.CLI main
INFO: User panel:
Mar 21, 2020 6:15:51 PM CLI.CLI main
INFO: Collection:
Mar 21, 2020 6:15:55 PM CLI.CLI main
INFO: Collection:
Mar 21, 2020 6:17:14 PM CLI.CLI main
INFO: Collection:
Mar 21, 2020 6:17:23 PM Hero.Hero addToDeck
INFO: Error. The entered card name is not in the list of cards of the game.
Mar 21, 2020 6:17:23 PM CLI.CLI main
INFO: Collection:
Mar 21, 2020 6:17:36 PM Hero.Hero addToDeck
INFO: Error. The entered card name is not in the list of cards of the game.
Mar 21, 2020 6:17:36 PM CLI.CLI main
INFO: Collection:
Mar 21, 2020 6:18:05 PM CLI.CLI main
INFO: Collection:
Mar 21, 2020 6:18:11 PM Hero.Hero addToDeck
INFO: The deck is at full capacity. First remove a card.
Mar 21, 2020 6:18:11 PM CLI.CLI main
INFO: Collection:
Mar 21, 2020 6:18:24 PM Hero.Hero removeFromDeck
INFO: Removed 1 instance of the card from the deck. 1 remaining.
Mar 21, 2020 6:18:24 PM CLI.CLI main
INFO: Collection:
Mar 21, 2020 6:19:45 PM CLI.CLI main
INFO: Collection:
Mar 21, 2020 6:19:53 PM CLI.CLI main
INFO: Collection:
Mar 21, 2020 6:19:57 PM Utility.SerializationFunctions Serialize
INFO: Object has been serialized
Mar 21, 2020 6:19:57 PM CLI.CLI main
INFO: Collection:
Mar 21, 2020 6:20:06 PM CLI.CLI main
INFO: Collection:
Mar 21, 2020 6:20:12 PM CLI.CLI main
INFO: Collection:
Mar 21, 2020 6:20:18 PM CLI.CLI main
INFO: Collection:
Mar 21, 2020 6:20:26 PM Hero.Hero removeFromDeck
INFO: Removed 1 instance of the card from the deck. 1 remaining.
Mar 21, 2020 6:20:26 PM CLI.CLI main
INFO: Collection:
Mar 21, 2020 6:20:33 PM CLI.CLI main
INFO: Collection:
Mar 21, 2020 6:20:43 PM Utility.SerializationFunctions Serialize
INFO: Object has been serialized
Mar 21, 2020 6:20:43 PM CLI.CLI main
INFO: Collection:
Mar 21, 2020 6:20:49 PM CLI.CLI main
INFO: Collection:
Mar 21, 2020 6:20:54 PM CLI.CLI inputGeneralCommandHandling
INFO: Deck cards OK.
Mar 21, 2020 6:20:54 PM CLI.CLI main
INFO: User panel:
Mar 21, 2020 6:21:01 PM Utility.SerializationFunctions Serialize
INFO: Object has been serialized
Mar 21, 2020 6:21:01 PM CLI.CLI main
INFO: Game Entry:
Mar 21, 2020 6:21:03 PM CLI.CLI main
INFO: Enter your credentials
Mar 21, 2020 6:21:08 PM User.PasswordUsername PasswordValidityCheck
INFO: Checking password validity
Mar 21, 2020 6:21:08 PM CLI.CLI main
INFO: User log in successful. Welcome
Mar 21, 2020 6:21:08 PM CLI.CLI main
INFO: User panel:
Mar 21, 2020 6:21:13 PM CLI.CLI main
INFO: Collection:
Mar 21, 2020 6:21:22 PM CLI.CLI main
INFO: Collection:
Mar 21, 2020 6:22:20 PM CLI.CLI inputGeneralCommandHandling
INFO: Deck cards OK.
Mar 21, 2020 6:22:20 PM CLI.CLI main
INFO: User panel:
Mar 21, 2020 6:22:27 PM CLI.CLI main
INFO: User panel:
Mar 21, 2020 6:22:33 PM CLI.CLI main
INFO: Hero:
Mar 21, 2020 6:22:37 PM CLI.CLI main
INFO: Hero:
Mar 21, 2020 6:22:42 PM CLI.CLI main
INFO: Hero:
Mar 21, 2020 6:22:46 PM CLI.CLI main
INFO: Hero:
Mar 21, 2020 6:23:00 PM CLI.CLI main
INFO: Hero:
Mar 21, 2020 6:23:13 PM User.User changeHero
INFO: Successfully changed hero to Warlock
Mar 21, 2020 6:23:13 PM Utility.SerializationFunctions Serialize
INFO: Object has been serialized
Mar 21, 2020 6:23:13 PM CLI.CLI main
INFO: Hero:
Mar 21, 2020 6:23:17 PM CLI.CLI main
INFO: Hero:
Mar 21, 2020 6:23:23 PM CLI.CLI main
INFO: User panel:
Mar 21, 2020 6:23:50 PM CLI.CLI main
INFO: Collection:
Mar 21, 2020 6:23:53 PM CLI.CLI main
INFO: Collection:
Mar 21, 2020 6:24:46 PM CLI.CLI inputGeneralCommandHandling
INFO: Deck cards OK.
Mar 21, 2020 6:24:46 PM CLI.CLI main
INFO: User panel:
Mar 21, 2020 6:24:48 PM CLI.CLI main
INFO: Hero:
Mar 21, 2020 6:24:50 PM CLI.CLI main
INFO: Hero:
Mar 21, 2020 6:26:37 PM User.User changeHero
INFO: Successfully changed hero to Mage
Mar 21, 2020 6:26:37 PM Utility.SerializationFunctions Serialize
INFO: Object has been serialized
Mar 21, 2020 6:26:37 PM CLI.CLI main
INFO: Hero:
Mar 21, 2020 6:26:44 PM CLI.CLI main
INFO: Hero:
Mar 21, 2020 6:26:47 PM CLI.CLI main
INFO: User panel:
Mar 21, 2020 6:26:52 PM CLI.CLI main
INFO: Collection:
Mar 21, 2020 6:28:41 PM CLI.CLI main
INFO: Collection:
Mar 21, 2020 6:30:22 PM CLI.CLI inputGeneralCommandHandling
INFO: Deck cards OK.
Mar 21, 2020 6:30:22 PM Utility.SerializationFunctions Serialize
INFO: Object has been serialized
Mar 21, 2020 6:30:22 PM CLI.CLI main
INFO: null
Mar 21, 2020 6:30:22 PM CLI.CLI main
INFO: Exiting
