Mar 21, 2020 5:41:46 PM CLI.CLI main
INFO: Should the card objects be instantiated? Enter y if this is a first run or if the cards have changed. Else, enter n:
Mar 21, 2020 5:41:52 PM Utility.SerializationFunctions Serialize
INFO: Object has been serialized
Mar 21, 2020 5:41:52 PM Utility.SerializationFunctions Serialize
INFO: Object has been serialized
Mar 21, 2020 5:41:52 PM Utility.SerializationFunctions Serialize
INFO: Object has been serialized
Mar 21, 2020 5:41:52 PM Utility.SerializationFunctions Serialize
INFO: Object has been serialized
Mar 21, 2020 5:41:52 PM Utility.SerializationFunctions Serialize
INFO: Object has been serialized
Mar 21, 2020 5:41:52 PM Utility.SerializationFunctions Serialize
INFO: Object has been serialized
Mar 21, 2020 5:41:52 PM Utility.SerializationFunctions Serialize
INFO: Object has been serialized
Mar 21, 2020 5:41:52 PM Utility.SerializationFunctions Serialize
INFO: Object has been serialized
Mar 21, 2020 5:41:52 PM Utility.SerializationFunctions Serialize
INFO: Object has been serialized
Mar 21, 2020 5:41:52 PM Utility.SerializationFunctions Serialize
INFO: Object has been serialized
Mar 21, 2020 5:41:52 PM Utility.SerializationFunctions Serialize
INFO: Object has been serialized
Mar 21, 2020 5:41:52 PM Utility.SerializationFunctions Serialize
INFO: Object has been serialized
Mar 21, 2020 5:41:52 PM Utility.SerializationFunctions Serialize
INFO: Object has been serialized
Mar 21, 2020 5:41:52 PM Utility.SerializationFunctions Serialize
INFO: Object has been serialized
Mar 21, 2020 5:41:52 PM Utility.SerializationFunctions Serialize
INFO: Object has been serialized
Mar 21, 2020 5:41:52 PM Utility.SerializationFunctions Serialize
INFO: Object has been serialized
Mar 21, 2020 5:41:52 PM Utility.SerializationFunctions Serialize
INFO: Object has been serialized
Mar 21, 2020 5:41:52 PM Utility.SerializationFunctions Serialize
INFO: Object has been serialized
Mar 21, 2020 5:41:52 PM Utility.SerializationFunctions Serialize
INFO: Object has been serialized
Mar 21, 2020 5:41:52 PM Utility.SerializationFunctions Serialize
INFO: Object has been serialized
Mar 21, 2020 5:41:52 PM Utility.SerializationFunctions Serialize
INFO: Object has been serialized
Mar 21, 2020 5:41:52 PM Utility.SerializationFunctions Serialize
INFO: Object has been serialized
Mar 21, 2020 5:41:52 PM Utility.SerializationFunctions Serialize
INFO: Object has been serialized
Mar 21, 2020 5:41:52 PM Utility.SerializationFunctions Serialize
INFO: Object has been serialized
Mar 21, 2020 5:41:52 PM Utility.SerializationFunctions Serialize
INFO: Object has been serialized
Mar 21, 2020 5:41:52 PM Utility.SerializationFunctions Serialize
INFO: Object has been serialized
Mar 21, 2020 5:41:52 PM Utility.SerializationFunctions Serialize
INFO: Object has been serialized
Mar 21, 2020 5:41:52 PM Utility.SerializationFunctions Serialize
INFO: Object has been serialized
Mar 21, 2020 5:41:52 PM Utility.SerializationFunctions Serialize
INFO: Object has been serialized
Mar 21, 2020 5:41:52 PM CLI.CLI main
INFO: Instantiated all cards
Mar 21, 2020 5:41:52 PM CLI.CLI main
INFO: Game Entry:
Mar 21, 2020 5:41:57 PM CLI.CLI main
INFO: Enter your credentials
Mar 21, 2020 5:42:09 PM User.PasswordUsername PasswordValidityCheck
INFO: Checking password validity
Mar 21, 2020 5:42:09 PM CLI.CLI main
INFO: User log in successful. Welcome
Mar 21, 2020 5:42:09 PM CLI.CLI main
INFO: User panel:
Mar 21, 2020 5:42:16 PM CLI.CLI main
INFO: Store:
Mar 21, 2020 5:42:20 PM CLI.CLI main
INFO: Store:
Mar 21, 2020 5:42:24 PM CLI.CLI main
INFO: Store:
Mar 21, 2020 5:42:29 PM CLI.CLI main
INFO: Store:
Mar 21, 2020 5:42:33 PM CLI.CLI main
INFO: User panel:
Mar 21, 2020 5:42:38 PM CLI.CLI main
INFO: Collection:
Mar 21, 2020 5:42:44 PM CLI.CLI main
INFO: Collection:
Mar 21, 2020 5:42:54 PM CLI.CLI main
INFO: Collection:
Mar 21, 2020 5:43:00 PM CLI.CLI main
INFO: Collection:
Mar 21, 2020 5:43:09 PM Hero.Hero removeFromDeck
INFO: Removed 1 instance of the card from the deck. 1 remaining.
Mar 21, 2020 5:43:09 PM CLI.CLI main
INFO: Collection:
Mar 21, 2020 5:43:14 PM CLI.CLI main
INFO: Collection:
Mar 21, 2020 5:43:23 PM CLI.CLI main
INFO: Collection:
Mar 21, 2020 5:43:35 PM Hero.Hero removeFromDeck
INFO: Removed 1 instance of the card from the deck. 1 remaining.
Mar 21, 2020 5:43:35 PM CLI.CLI main
INFO: Collection:
Mar 21, 2020 5:43:39 PM CLI.CLI main
INFO: Collection:
Mar 21, 2020 5:43:47 PM CLI.CLI main
INFO: Collection:
Mar 21, 2020 5:43:50 PM CLI.CLI main
INFO: Exiting
