Mar 21, 2020 1:20:08 AM User.createUser assignUserID
INFO: Assigning userID 1
Mar 21, 2020 1:20:08 AM User.createUser createAUser
INFO: Creating user. Username: Taha
Mar 21, 2020 1:20:08 AM User.createUser createAUser
INFO: Creating user log
Mar 21, 2020 1:20:08 AM User.createUser createAUser
INFO: Creating user class instance
Mar 21, 2020 1:20:08 AM User.createUser createAUser
INFO: User class instantiated. Serializing
Mar 21, 2020 1:20:08 AM Utility.SerializationFunctions Serialize
INFO: Object has been serialized
Mar 21, 2020 1:20:08 AM CLI.CLI main
INFO: The current Balance of the user 100
Mar 21, 2020 1:20:08 AM CLI.CLI main
INFO: Your current hero: Mage with hero level: 1
Mar 21, 2020 1:20:08 AM CLI.CLI main
INFO: The cards in your heroes deck:
{
  "Holy Fire": 2,
  "Novice Engineer": 2,
  "Regenerate": 2,
  "Polymorph": 2,
  "Lord of the Arena": 2,
  "Arcane Missiles": 2,
  "Shieldbearer": 2,
  "Goldshire Footman": 2,
  "Stonetusk Boar": 2,
  "Raid Leader": 2
}
Mar 21, 2020 1:20:30 AM Utility.SerializationFunctions Serialize
INFO: Object has been serialized
Mar 21, 2020 1:20:36 AM CLI.CLI main
INFO: Exiting
Mar 21, 2020 1:20:36 AM CLI.CLI main
INFO: null
Mar 21, 2020 1:20:36 AM CLI.CLI main
INFO: Ran into this error whilst trying to exit user_logger. It has probably been closed beforehand.
