Mar 21, 2020 2:38:20 PM User.PasswordUsername PasswordValidityCheck
INFO: Checking password validity
Mar 21, 2020 2:38:20 PM Utility.SerializationFunctions userDeserialize
INFO: User.User; local class incompatible: stream classdesc serialVersionUID = -1282346460413550716, local class serialVersionUID = -973876455168930417
Mar 21, 2020 2:38:33 PM User.PasswordUsername PasswordValidityCheck
INFO: Checking password validity
Mar 21, 2020 2:38:33 PM CLI.CLI main
INFO: User log in successful. Welcome
Mar 21, 2020 2:39:51 PM User.User changeHero
INFO: Successfully changed hero to Warlock
Mar 21, 2020 2:39:51 PM Utility.SerializationFunctions Serialize
INFO: Object has been serialized
Mar 21, 2020 2:39:58 PM Utility.SerializationFunctions Serialize
INFO: Object has been serialized
Mar 21, 2020 2:40:15 PM User.PasswordUsername PasswordValidityCheck
INFO: Checking password validity
Mar 21, 2020 2:40:15 PM CLI.CLI main
INFO: User log in successful. Welcome
Mar 21, 2020 2:40:25 PM User.User changeHero
INFO: Error/Warning. The provided hero is already selected. Returning.
Mar 21, 2020 2:40:35 PM CLI.CLI main
INFO: Exiting
