Mar 21, 2020 5:59:34 PM CLI.CLI main
INFO: Should the card objects be instantiated? Enter y if this is a first run or if the cards have changed. Else, enter n:
Mar 21, 2020 5:59:39 PM CLI.CLI main
INFO: Game Entry:
Mar 21, 2020 5:59:43 PM CLI.CLI main
INFO: Enter your credentials
Mar 21, 2020 5:59:49 PM User.PasswordUsername PasswordValidityCheck
INFO: Checking password validity
Mar 21, 2020 5:59:49 PM CLI.CLI main
INFO: User log in successful. Welcome
Mar 21, 2020 5:59:49 PM CLI.CLI main
INFO: User panel:
Mar 21, 2020 5:59:56 PM CLI.CLI main
INFO: Collection:
Mar 21, 2020 5:59:59 PM CLI.CLI main
INFO: Collection:
Mar 21, 2020 6:00:05 PM CLI.CLI main
INFO: Collection:
Mar 21, 2020 6:00:09 PM CLI.CLI main
INFO: Collection:
Mar 21, 2020 6:00:35 PM CLI.CLI main
INFO: Collection:
Mar 21, 2020 6:00:38 PM CLI.CLI main
INFO: Collection:
Mar 21, 2020 6:00:51 PM CLI.CLI main
INFO: Collection:
Mar 21, 2020 6:00:58 PM Hero.Hero addToDeck
INFO: The deck is at full capacity. First remove a card.
Mar 21, 2020 6:00:58 PM CLI.CLI main
INFO: Collection:
Mar 21, 2020 6:01:30 PM CLI.CLI main
INFO: Collection:
Mar 21, 2020 6:01:35 PM CLI.CLI main
INFO: Collection:
Mar 21, 2020 6:01:38 PM CLI.CLI main
INFO: Collection:
Mar 21, 2020 6:01:45 PM CLI.CLI main
INFO: Collection:
Mar 21, 2020 6:06:19 PM CLI.CLI main
INFO: Collection:
Mar 21, 2020 6:06:26 PM Hero.Hero removeFromDeck
INFO: Removed 1 instance of the card from the deck. 1 remaining.
Mar 21, 2020 6:06:26 PM CLI.CLI main
INFO: Collection:
Mar 21, 2020 6:06:30 PM CLI.CLI main
INFO: Collection:
Mar 21, 2020 6:06:33 PM CLI.CLI inputGeneralCommandHandling
INFO: Error. You cannot exit the collection section until you complete your deck
Mar 21, 2020 6:06:33 PM CLI.CLI main
INFO: Collection:
Mar 21, 2020 6:06:47 PM CLI.CLI main
INFO: Collection:
Mar 21, 2020 6:08:17 PM Hero.Hero addToDeck
INFO: Error. The entered card name is not in the list of cards of the game.
Mar 21, 2020 6:08:17 PM CLI.CLI main
INFO: Collection:
Mar 21, 2020 6:09:22 PM CLI.CLI main
INFO: Collection:
Mar 21, 2020 6:09:30 PM CLI.CLI main
INFO: Collection:
Mar 21, 2020 6:09:34 PM CLI.CLI main
INFO: Collection:
Mar 21, 2020 6:09:41 PM CLI.CLI inputGeneralCommandHandling
INFO: Error. You cannot exit the collection section until you complete your deck
Mar 21, 2020 6:09:41 PM CLI.CLI main
INFO: Collection:
Mar 21, 2020 6:10:03 PM CLI.CLI main
INFO: Collection:
Mar 21, 2020 6:14:36 PM CLI.CLI main
INFO: Exiting
